0 info it worked if it ends with ok
1 verbose cli [ '/usr/bin/node', '/bin/npm', 'i', 'node' ]
2 info using npm@3.10.10
3 info using node@v6.14.2
4 silly loadCurrentTree Starting
5 silly install loadCurrentTree
6 silly install readLocalPackageData
7 silly fetchPackageMetaData node
8 silly fetchNamedPackageData node
9 silly mapToRegistry name node
10 silly mapToRegistry using default registry
11 silly mapToRegistry registry https://registry.npmjs.org/
12 silly mapToRegistry data Result {
12 silly mapToRegistry   raw: 'node',
12 silly mapToRegistry   scope: null,
12 silly mapToRegistry   escapedName: 'node',
12 silly mapToRegistry   name: 'node',
12 silly mapToRegistry   rawSpec: '',
12 silly mapToRegistry   spec: 'latest',
12 silly mapToRegistry   type: 'tag' }
13 silly mapToRegistry uri https://registry.npmjs.org/node
14 verbose request uri https://registry.npmjs.org/node
15 verbose request no auth needed
16 info attempt registry request try #1 at 3:36:46 PM
17 verbose request id 6704df4e44cb61b0
18 http request GET https://registry.npmjs.org/node
19 http 200 https://registry.npmjs.org/node
20 verbose headers { date: 'Thu, 09 Aug 2018 22:36:46 GMT',
20 verbose headers   'content-type': 'application/json; charset=UTF-8',
20 verbose headers   'transfer-encoding': 'chunked',
20 verbose headers   connection: 'keep-alive',
20 verbose headers   'set-cookie': [ '__cfduid=dc475aab85aa5c7231bda30af6e17064d1533854206; expires=Fri, 09-Aug-19 22:36:46 GMT; path=/; domain=.registry.npmjs.org; HttpOnly' ],
20 verbose headers   'cache-control': 'max-age=300',
20 verbose headers   'cf-cache-status': 'HIT',
20 verbose headers   'cf-ray': '447db4164858988f-LAX',
20 verbose headers   etag: 'W/"fcc440f0f9223908d781326929bc757f"',
20 verbose headers   'expect-ct': 'max-age=604800, report-uri="https://report-uri.cloudflare.com/cdn-cgi/beacon/expect-ct"',
20 verbose headers   'last-modified': 'Thu, 02 Aug 2018 03:42:35 GMT',
20 verbose headers   vary: 'accept-encoding, accept',
20 verbose headers   server: 'cloudflare',
20 verbose headers   'content-encoding': 'gzip' }
21 silly get cb [ 200,
21 silly get   { date: 'Thu, 09 Aug 2018 22:36:46 GMT',
21 silly get     'content-type': 'application/json; charset=UTF-8',
21 silly get     'transfer-encoding': 'chunked',
21 silly get     connection: 'keep-alive',
21 silly get     'set-cookie': [ '__cfduid=dc475aab85aa5c7231bda30af6e17064d1533854206; expires=Fri, 09-Aug-19 22:36:46 GMT; path=/; domain=.registry.npmjs.org; HttpOnly' ],
21 silly get     'cache-control': 'max-age=300',
21 silly get     'cf-cache-status': 'HIT',
21 silly get     'cf-ray': '447db4164858988f-LAX',
21 silly get     etag: 'W/"fcc440f0f9223908d781326929bc757f"',
21 silly get     'expect-ct': 'max-age=604800, report-uri="https://report-uri.cloudflare.com/cdn-cgi/beacon/expect-ct"',
21 silly get     'last-modified': 'Thu, 02 Aug 2018 03:42:35 GMT',
21 silly get     vary: 'accept-encoding, accept',
21 silly get     server: 'cloudflare',
21 silly get     'content-encoding': 'gzip' } ]
22 verbose get saving node to /root/.npm/registry.npmjs.org/node/.cache.json
23 verbose correctMkdir /root/.npm correctMkdir not in flight; initializing
24 silly install normalizeTree
25 silly loadCurrentTree Finishing
26 silly loadIdealTree Starting
27 silly install loadIdealTree
28 silly cloneCurrentTree Starting
29 silly install cloneCurrentTreeToIdealTree
30 silly cloneCurrentTree Finishing
31 silly loadShrinkwrap Starting
32 silly install loadShrinkwrap
33 silly loadShrinkwrap Finishing
34 silly loadAllDepsIntoIdealTree Starting
35 silly install loadAllDepsIntoIdealTree
36 silly resolveWithNewModule node@10.8.0 checking installable status
37 silly cache add args [ 'node', null ]
38 verbose cache add spec node
39 silly cache add parsed spec Result {
39 silly cache add   raw: 'node',
39 silly cache add   scope: null,
39 silly cache add   escapedName: 'node',
39 silly cache add   name: 'node',
39 silly cache add   rawSpec: '',
39 silly cache add   spec: 'latest',
39 silly cache add   type: 'tag' }
40 silly addNamed node@latest
41 verbose addNamed "latest" is being treated as a dist-tag for node
42 info addNameTag [ 'node', 'latest' ]
43 silly mapToRegistry name node
44 silly mapToRegistry using default registry
45 silly mapToRegistry registry https://registry.npmjs.org/
46 silly mapToRegistry data Result {
46 silly mapToRegistry   raw: 'node',
46 silly mapToRegistry   scope: null,
46 silly mapToRegistry   escapedName: 'node',
46 silly mapToRegistry   name: 'node',
46 silly mapToRegistry   rawSpec: '',
46 silly mapToRegistry   spec: 'latest',
46 silly mapToRegistry   type: 'tag' }
47 silly mapToRegistry uri https://registry.npmjs.org/node
48 verbose addNameTag registry:https://registry.npmjs.org/node not in flight; fetching
49 verbose get https://registry.npmjs.org/node not expired, no request
50 silly addNameTag next cb for node with tag latest
51 silly addNamed node@10.8.0
52 verbose addNamed "10.8.0" is a plain semver version for node
53 silly mapToRegistry name node
54 silly mapToRegistry using default registry
55 silly mapToRegistry registry https://registry.npmjs.org/
56 silly mapToRegistry data Result {
56 silly mapToRegistry   raw: 'node',
56 silly mapToRegistry   scope: null,
56 silly mapToRegistry   escapedName: 'node',
56 silly mapToRegistry   name: 'node',
56 silly mapToRegistry   rawSpec: '',
56 silly mapToRegistry   spec: 'latest',
56 silly mapToRegistry   type: 'tag' }
57 silly mapToRegistry uri https://registry.npmjs.org/node
58 verbose addRemoteTarball https://registry.npmjs.org/node/-/node-10.8.0.tgz not in flight; adding
59 verbose addRemoteTarball [ 'https://registry.npmjs.org/node/-/node-10.8.0.tgz',
59 verbose addRemoteTarball   '493a6bba247bedbdd8143b988cb80044f94d1f79' ]
60 info retry fetch attempt 1 at 3:36:46 PM
61 info attempt registry request try #1 at 3:36:46 PM
62 http fetch GET https://registry.npmjs.org/node/-/node-10.8.0.tgz
63 http fetch 200 https://registry.npmjs.org/node/-/node-10.8.0.tgz
64 silly fetchAndShaCheck shasum 493a6bba247bedbdd8143b988cb80044f94d1f79
65 verbose addTmpTarball /tmp/npm-73130-78db4713/registry.npmjs.org/node/-/node-10.8.0.tgz not in flight; adding
66 verbose addTmpTarball already have metadata; skipping unpack for node@10.8.0
67 verbose correctMkdir /root/.npm correctMkdir not in flight; initializing
68 silly cache afterAdd node@10.8.0
69 verbose afterAdd /root/.npm/node/10.8.0/package/package.json not in flight; writing
70 verbose correctMkdir /root/.npm correctMkdir not in flight; initializing
71 verbose afterAdd /root/.npm/node/10.8.0/package/package.json written
72 silly fetchNamedPackageData node-bin-setup
73 silly mapToRegistry name node-bin-setup
74 silly mapToRegistry using default registry
75 silly mapToRegistry registry https://registry.npmjs.org/
76 silly mapToRegistry data Result {
76 silly mapToRegistry   raw: 'node-bin-setup',
76 silly mapToRegistry   scope: null,
76 silly mapToRegistry   escapedName: 'node-bin-setup',
76 silly mapToRegistry   name: 'node-bin-setup',
76 silly mapToRegistry   rawSpec: '',
76 silly mapToRegistry   spec: 'latest',
76 silly mapToRegistry   type: 'tag' }
77 silly mapToRegistry uri https://registry.npmjs.org/node-bin-setup
78 verbose request uri https://registry.npmjs.org/node-bin-setup
79 verbose request no auth needed
80 info attempt registry request try #1 at 3:36:46 PM
81 http request GET https://registry.npmjs.org/node-bin-setup
82 http 200 https://registry.npmjs.org/node-bin-setup
83 verbose headers { date: 'Thu, 09 Aug 2018 22:36:46 GMT',
83 verbose headers   'content-type': 'application/json; charset=UTF-8',
83 verbose headers   'transfer-encoding': 'chunked',
83 verbose headers   connection: 'keep-alive',
83 verbose headers   'set-cookie': [ '__cfduid=dc475aab85aa5c7231bda30af6e17064d1533854206; expires=Fri, 09-Aug-19 22:36:46 GMT; path=/; domain=.registry.npmjs.org; HttpOnly' ],
83 verbose headers   'cache-control': 'max-age=300',
83 verbose headers   'cf-cache-status': 'HIT',
83 verbose headers   'cf-ray': '447db417e9aa988f-LAX',
83 verbose headers   etag: 'W/"696d6ec470fda56a33885508a280edab"',
83 verbose headers   'expect-ct': 'max-age=604800, report-uri="https://report-uri.cloudflare.com/cdn-cgi/beacon/expect-ct"',
83 verbose headers   'last-modified': 'Sun, 27 May 2018 09:55:03 GMT',
83 verbose headers   vary: 'accept-encoding, accept',
83 verbose headers   server: 'cloudflare',
83 verbose headers   'content-encoding': 'gzip' }
84 silly get cb [ 200,
84 silly get   { date: 'Thu, 09 Aug 2018 22:36:46 GMT',
84 silly get     'content-type': 'application/json; charset=UTF-8',
84 silly get     'transfer-encoding': 'chunked',
84 silly get     connection: 'keep-alive',
84 silly get     'set-cookie': [ '__cfduid=dc475aab85aa5c7231bda30af6e17064d1533854206; expires=Fri, 09-Aug-19 22:36:46 GMT; path=/; domain=.registry.npmjs.org; HttpOnly' ],
84 silly get     'cache-control': 'max-age=300',
84 silly get     'cf-cache-status': 'HIT',
84 silly get     'cf-ray': '447db417e9aa988f-LAX',
84 silly get     etag: 'W/"696d6ec470fda56a33885508a280edab"',
84 silly get     'expect-ct': 'max-age=604800, report-uri="https://report-uri.cloudflare.com/cdn-cgi/beacon/expect-ct"',
84 silly get     'last-modified': 'Sun, 27 May 2018 09:55:03 GMT',
84 silly get     vary: 'accept-encoding, accept',
84 silly get     server: 'cloudflare',
84 silly get     'content-encoding': 'gzip' } ]
85 verbose get saving node-bin-setup to /root/.npm/registry.npmjs.org/node-bin-setup/.cache.json
86 verbose correctMkdir /root/.npm correctMkdir not in flight; initializing
87 silly resolveWithNewModule node-bin-setup@1.0.6 checking installable status
88 silly cache add args [ 'node-bin-setup@^1.0.0', null ]
89 verbose cache add spec node-bin-setup@^1.0.0
90 silly cache add parsed spec Result {
90 silly cache add   raw: 'node-bin-setup@^1.0.0',
90 silly cache add   scope: null,
90 silly cache add   escapedName: 'node-bin-setup',
90 silly cache add   name: 'node-bin-setup',
90 silly cache add   rawSpec: '^1.0.0',
90 silly cache add   spec: '>=1.0.0 <2.0.0',
90 silly cache add   type: 'range' }
91 silly addNamed node-bin-setup@>=1.0.0 <2.0.0
92 verbose addNamed ">=1.0.0 <2.0.0" is a valid semver range for node-bin-setup
93 silly addNameRange { name: 'node-bin-setup',
93 silly addNameRange   range: '>=1.0.0 <2.0.0',
93 silly addNameRange   hasData: false }
94 silly mapToRegistry name node-bin-setup
95 silly mapToRegistry using default registry
96 silly mapToRegistry registry https://registry.npmjs.org/
97 silly mapToRegistry data Result {
97 silly mapToRegistry   raw: 'node-bin-setup',
97 silly mapToRegistry   scope: null,
97 silly mapToRegistry   escapedName: 'node-bin-setup',
97 silly mapToRegistry   name: 'node-bin-setup',
97 silly mapToRegistry   rawSpec: '',
97 silly mapToRegistry   spec: 'latest',
97 silly mapToRegistry   type: 'tag' }
98 silly mapToRegistry uri https://registry.npmjs.org/node-bin-setup
99 verbose addNameRange registry:https://registry.npmjs.org/node-bin-setup not in flight; fetching
100 verbose get https://registry.npmjs.org/node-bin-setup not expired, no request
101 silly addNameRange number 2 { name: 'node-bin-setup',
101 silly addNameRange   range: '>=1.0.0 <2.0.0',
101 silly addNameRange   hasData: true }
102 silly addNameRange versions [ 'node-bin-setup',
102 silly addNameRange   [ '1.0.0', '1.0.1', '1.0.2', '1.0.3', '1.0.4', '1.0.6' ] ]
103 silly addNamed node-bin-setup@1.0.6
104 verbose addNamed "1.0.6" is a plain semver version for node-bin-setup
105 silly mapToRegistry name node-bin-setup
106 silly mapToRegistry using default registry
107 silly mapToRegistry registry https://registry.npmjs.org/
108 silly mapToRegistry data Result {
108 silly mapToRegistry   raw: 'node-bin-setup',
108 silly mapToRegistry   scope: null,
108 silly mapToRegistry   escapedName: 'node-bin-setup',
108 silly mapToRegistry   name: 'node-bin-setup',
108 silly mapToRegistry   rawSpec: '',
108 silly mapToRegistry   spec: 'latest',
108 silly mapToRegistry   type: 'tag' }
109 silly mapToRegistry uri https://registry.npmjs.org/node-bin-setup
110 verbose addRemoteTarball https://registry.npmjs.org/node-bin-setup/-/node-bin-setup-1.0.6.tgz not in flight; adding
111 verbose addRemoteTarball [ 'https://registry.npmjs.org/node-bin-setup/-/node-bin-setup-1.0.6.tgz',
111 verbose addRemoteTarball   '4b5c9bb937ece702d7069b36ca78af4684677528' ]
112 info retry fetch attempt 1 at 3:36:46 PM
113 info attempt registry request try #1 at 3:36:46 PM
114 http fetch GET https://registry.npmjs.org/node-bin-setup/-/node-bin-setup-1.0.6.tgz
115 http fetch 200 https://registry.npmjs.org/node-bin-setup/-/node-bin-setup-1.0.6.tgz
116 silly fetchAndShaCheck shasum 4b5c9bb937ece702d7069b36ca78af4684677528
117 verbose addTmpTarball /tmp/npm-73130-78db4713/registry.npmjs.org/node-bin-setup/-/node-bin-setup-1.0.6.tgz not in flight; adding
118 verbose addTmpTarball already have metadata; skipping unpack for node-bin-setup@1.0.6
119 verbose correctMkdir /root/.npm correctMkdir not in flight; initializing
120 silly cache afterAdd node-bin-setup@1.0.6
121 verbose afterAdd /root/.npm/node-bin-setup/1.0.6/package/package.json not in flight; writing
122 verbose correctMkdir /root/.npm correctMkdir not in flight; initializing
123 verbose afterAdd /root/.npm/node-bin-setup/1.0.6/package/package.json written
124 silly fetchNamedPackageData fsevents
125 silly mapToRegistry name fsevents
126 silly mapToRegistry using default registry
127 silly mapToRegistry registry https://registry.npmjs.org/
128 silly mapToRegistry data Result {
128 silly mapToRegistry   raw: 'fsevents',
128 silly mapToRegistry   scope: null,
128 silly mapToRegistry   escapedName: 'fsevents',
128 silly mapToRegistry   name: 'fsevents',
128 silly mapToRegistry   rawSpec: '',
128 silly mapToRegistry   spec: 'latest',
128 silly mapToRegistry   type: 'tag' }
129 silly mapToRegistry uri https://registry.npmjs.org/fsevents
130 verbose request uri https://registry.npmjs.org/fsevents
131 verbose request no auth needed
132 info attempt registry request try #1 at 3:36:46 PM
133 http request GET https://registry.npmjs.org/fsevents
134 http 200 https://registry.npmjs.org/fsevents
135 verbose headers { date: 'Thu, 09 Aug 2018 22:36:46 GMT',
135 verbose headers   'content-type': 'application/json; charset=UTF-8',
135 verbose headers   'transfer-encoding': 'chunked',
135 verbose headers   connection: 'keep-alive',
135 verbose headers   'set-cookie': [ '__cfduid=dc475aab85aa5c7231bda30af6e17064d1533854206; expires=Fri, 09-Aug-19 22:36:46 GMT; path=/; domain=.registry.npmjs.org; HttpOnly' ],
135 verbose headers   'cache-control': 'max-age=300',
135 verbose headers   'cf-cache-status': 'HIT',
135 verbose headers   'cf-ray': '447db418fa80988f-LAX',
135 verbose headers   etag: 'W/"1f6c1f25b9f645ad374c652ec54b1ad9"',
135 verbose headers   'expect-ct': 'max-age=604800, report-uri="https://report-uri.cloudflare.com/cdn-cgi/beacon/expect-ct"',
135 verbose headers   'last-modified': 'Sun, 27 May 2018 01:18:06 GMT',
135 verbose headers   vary: 'accept-encoding, accept',
135 verbose headers   server: 'cloudflare',
135 verbose headers   'content-encoding': 'gzip' }
136 silly get cb [ 200,
136 silly get   { date: 'Thu, 09 Aug 2018 22:36:46 GMT',
136 silly get     'content-type': 'application/json; charset=UTF-8',
136 silly get     'transfer-encoding': 'chunked',
136 silly get     connection: 'keep-alive',
136 silly get     'set-cookie': [ '__cfduid=dc475aab85aa5c7231bda30af6e17064d1533854206; expires=Fri, 09-Aug-19 22:36:46 GMT; path=/; domain=.registry.npmjs.org; HttpOnly' ],
136 silly get     'cache-control': 'max-age=300',
136 silly get     'cf-cache-status': 'HIT',
136 silly get     'cf-ray': '447db418fa80988f-LAX',
136 silly get     etag: 'W/"1f6c1f25b9f645ad374c652ec54b1ad9"',
136 silly get     'expect-ct': 'max-age=604800, report-uri="https://report-uri.cloudflare.com/cdn-cgi/beacon/expect-ct"',
136 silly get     'last-modified': 'Sun, 27 May 2018 01:18:06 GMT',
136 silly get     vary: 'accept-encoding, accept',
136 silly get     server: 'cloudflare',
136 silly get     'content-encoding': 'gzip' } ]
137 verbose get saving fsevents to /root/.npm/registry.npmjs.org/fsevents/.cache.json
138 verbose correctMkdir /root/.npm correctMkdir not in flight; initializing
139 silly resolveWithNewModule fsevents@1.2.4 checking installable status
140 silly loadAllDepsIntoIdealTree Finishing
141 silly loadIdealTree Finishing
142 silly currentTree FriendFinder@1.0.0
142 silly currentTree ├── abbrev@1.1.1
142 silly currentTree ├── accepts@1.3.5
142 silly currentTree ├── ansi-align@2.0.0
142 silly currentTree ├── ansi-regex@3.0.0
142 silly currentTree ├── ansi-styles@3.2.1
142 silly currentTree ├── anymatch@2.0.0
142 silly currentTree ├── arr-diff@4.0.0
142 silly currentTree ├── arr-flatten@1.1.0
142 silly currentTree ├── arr-union@3.1.0
142 silly currentTree ├── array-flatten@1.1.1
142 silly currentTree ├── array-unique@0.3.2
142 silly currentTree ├── assign-symbols@1.0.0
142 silly currentTree ├── async-each@1.0.1
142 silly currentTree ├── atob@2.1.1
142 silly currentTree ├── balanced-match@1.0.0
142 silly currentTree ├─┬ base@0.11.2
142 silly currentTree │ ├── define-property@1.0.0
142 silly currentTree │ ├── is-accessor-descriptor@1.0.0
142 silly currentTree │ ├── is-data-descriptor@1.0.0
142 silly currentTree │ └── is-descriptor@1.0.2
142 silly currentTree ├── binary-extensions@1.11.0
142 silly currentTree ├── body-parser@1.18.3
142 silly currentTree ├── boxen@1.3.0
142 silly currentTree ├── brace-expansion@1.1.11
142 silly currentTree ├─┬ braces@2.3.2
142 silly currentTree │ └── extend-shallow@2.0.1
142 silly currentTree ├── bytes@3.0.0
142 silly currentTree ├── cache-base@1.0.1
142 silly currentTree ├── camelcase@4.1.0
142 silly currentTree ├── capture-stack-trace@1.0.0
142 silly currentTree ├── chalk@2.4.1
142 silly currentTree ├── chokidar@2.0.4
142 silly currentTree ├── ci-info@1.1.3
142 silly currentTree ├─┬ class-utils@0.3.6
142 silly currentTree │ └── define-property@0.2.5
142 silly currentTree ├── cli-boxes@1.0.0
142 silly currentTree ├── collection-visit@1.0.0
142 silly currentTree ├── color-convert@1.9.2
142 silly currentTree ├── color-name@1.1.1
142 silly currentTree ├── component-emitter@1.2.1
142 silly currentTree ├── concat-map@0.0.1
142 silly currentTree ├── configstore@3.1.2
142 silly currentTree ├── content-disposition@0.5.2
142 silly currentTree ├── content-type@1.0.4
142 silly currentTree ├── cookie-signature@1.0.6
142 silly currentTree ├── cookie@0.3.1
142 silly currentTree ├── copy-descriptor@0.1.1
142 silly currentTree ├── core-util-is@1.0.2
142 silly currentTree ├── create-error-class@3.0.2
142 silly currentTree ├── cross-spawn@5.1.0
142 silly currentTree ├── crypto-random-string@1.0.0
142 silly currentTree ├── debug@2.6.9
142 silly currentTree ├── decode-uri-component@0.2.0
142 silly currentTree ├── deep-extend@0.6.0
142 silly currentTree ├─┬ define-property@2.0.2
142 silly currentTree │ ├── is-accessor-descriptor@1.0.0
142 silly currentTree │ ├── is-data-descriptor@1.0.0
142 silly currentTree │ └── is-descriptor@1.0.2
142 silly currentTree ├── depd@1.1.2
142 silly currentTree ├── destroy@1.0.4
142 silly currentTree ├── dot-prop@4.2.0
142 silly currentTree ├── duplexer@0.1.1
142 silly currentTree ├── duplexer3@0.1.4
142 silly currentTree ├── ee-first@1.1.1
142 silly currentTree ├── encodeurl@1.0.2
142 silly currentTree ├── escape-html@1.0.3
142 silly currentTree ├── escape-string-regexp@1.0.5
142 silly currentTree ├── etag@1.8.1
142 silly currentTree ├── event-stream@3.3.4
142 silly currentTree ├── execa@0.7.0
142 silly currentTree ├─┬ expand-brackets@2.1.4
142 silly currentTree │ ├── define-property@0.2.5
142 silly currentTree │ └── extend-shallow@2.0.1
142 silly currentTree ├─┬ express@4.16.3
142 silly currentTree │ ├── body-parser@1.18.2
142 silly currentTree │ ├── iconv-lite@0.4.19
142 silly currentTree │ ├── qs@6.5.1
142 silly currentTree │ ├─┬ raw-body@2.3.2
142 silly currentTree │ │ ├── depd@1.1.1
142 silly currentTree │ │ ├── http-errors@1.6.2
142 silly currentTree │ │ └── setprototypeof@1.0.3
142 silly currentTree │ └── statuses@1.4.0
142 silly currentTree ├─┬ extend-shallow@3.0.2
142 silly currentTree │ └── is-extendable@1.0.1
142 silly currentTree ├─┬ extglob@2.0.4
142 silly currentTree │ ├── define-property@1.0.0
142 silly currentTree │ ├── extend-shallow@2.0.1
142 silly currentTree │ ├── is-accessor-descriptor@1.0.0
142 silly currentTree │ ├── is-data-descriptor@1.0.0
142 silly currentTree │ └── is-descriptor@1.0.2
142 silly currentTree ├─┬ fill-range@4.0.0
142 silly currentTree │ └── extend-shallow@2.0.1
142 silly currentTree ├─┬ finalhandler@1.1.1
142 silly currentTree │ └── statuses@1.4.0
142 silly currentTree ├── for-in@1.0.2
142 silly currentTree ├── forwarded@0.1.2
142 silly currentTree ├── fragment-cache@0.2.1
142 silly currentTree ├── fresh@0.5.2
142 silly currentTree ├── from@0.1.7
142 silly currentTree ├── get-stream@3.0.0
142 silly currentTree ├── get-value@2.0.6
142 silly currentTree ├─┬ glob-parent@3.1.0
142 silly currentTree │ └── is-glob@3.1.0
142 silly currentTree ├── global-dirs@0.1.1
142 silly currentTree ├── got@6.7.1
142 silly currentTree ├── graceful-fs@4.1.11
142 silly currentTree ├── has-flag@3.0.0
142 silly currentTree ├── has-value@1.0.0
142 silly currentTree ├─┬ has-values@1.0.0
142 silly currentTree │ └── kind-of@4.0.0
142 silly currentTree ├── http-errors@1.6.3
142 silly currentTree ├── iconv-lite@0.4.23
142 silly currentTree ├── ignore-by-default@1.0.1
142 silly currentTree ├── import-lazy@2.1.0
142 silly currentTree ├── imurmurhash@0.1.4
142 silly currentTree ├── inherits@2.0.3
142 silly currentTree ├── ini@1.3.5
142 silly currentTree ├── ipaddr.js@1.8.0
142 silly currentTree ├─┬ is-accessor-descriptor@0.1.6
142 silly currentTree │ └── kind-of@3.2.2
142 silly currentTree ├── is-binary-path@1.0.1
142 silly currentTree ├── is-buffer@1.1.6
142 silly currentTree ├── is-ci@1.1.0
142 silly currentTree ├─┬ is-data-descriptor@0.1.4
142 silly currentTree │ └── kind-of@3.2.2
142 silly currentTree ├─┬ is-descriptor@0.1.6
142 silly currentTree │ └── kind-of@5.1.0
142 silly currentTree ├── is-extendable@0.1.1
142 silly currentTree ├── is-extglob@2.1.1
142 silly currentTree ├── is-fullwidth-code-point@2.0.0
142 silly currentTree ├── is-glob@4.0.0
142 silly currentTree ├── is-installed-globally@0.1.0
142 silly currentTree ├── is-npm@1.0.0
142 silly currentTree ├─┬ is-number@3.0.0
142 silly currentTree │ └── kind-of@3.2.2
142 silly currentTree ├── is-obj@1.0.1
142 silly currentTree ├── is-path-inside@1.0.1
142 silly currentTree ├── is-plain-object@2.0.4
142 silly currentTree ├── is-redirect@1.0.0
142 silly currentTree ├── is-retry-allowed@1.1.0
142 silly currentTree ├── is-stream@1.1.0
142 silly currentTree ├── is-windows@1.0.2
142 silly currentTree ├── isarray@1.0.0
142 silly currentTree ├── isexe@2.0.0
142 silly currentTree ├── isobject@3.0.1
142 silly currentTree ├── kind-of@6.0.2
142 silly currentTree ├── latest-version@3.1.0
142 silly currentTree ├── lodash.debounce@4.0.8
142 silly currentTree ├── lowercase-keys@1.0.1
142 silly currentTree ├── lru-cache@4.1.3
142 silly currentTree ├── make-dir@1.3.0
142 silly currentTree ├── map-cache@0.2.2
142 silly currentTree ├── map-stream@0.1.0
142 silly currentTree ├── map-visit@1.0.0
142 silly currentTree ├── media-typer@0.3.0
142 silly currentTree ├── merge-descriptors@1.0.1
142 silly currentTree ├── methods@1.1.2
142 silly currentTree ├── micromatch@3.1.10
142 silly currentTree ├── mime-db@1.35.0
142 silly currentTree ├── mime-types@2.1.19
142 silly currentTree ├── mime@1.4.1
142 silly currentTree ├── minimatch@3.0.4
142 silly currentTree ├── minimist@1.2.0
142 silly currentTree ├─┬ mixin-deep@1.3.1
142 silly currentTree │ └── is-extendable@1.0.1
142 silly currentTree ├── ms@2.0.0
142 silly currentTree ├── nanomatch@1.2.13
142 silly currentTree ├── negotiator@0.6.1
142 silly currentTree ├─┬ nodemon@1.18.3
142 silly currentTree │ └── debug@3.1.0
142 silly currentTree ├── nopt@1.0.10
142 silly currentTree ├── normalize-path@2.1.1
142 silly currentTree ├── npm-run-path@2.0.2
142 silly currentTree ├─┬ object-copy@0.1.0
142 silly currentTree │ ├── define-property@0.2.5
142 silly currentTree │ └── kind-of@3.2.2
142 silly currentTree ├── object-visit@1.0.1
142 silly currentTree ├── object.pick@1.3.0
142 silly currentTree ├── on-finished@2.3.0
142 silly currentTree ├── p-finally@1.0.0
142 silly currentTree ├── package-json@4.0.1
142 silly currentTree ├── parseurl@1.3.2
142 silly currentTree ├── pascalcase@0.1.1
142 silly currentTree ├── path-dirname@1.0.2
142 silly currentTree ├── path-is-absolute@1.0.1
142 silly currentTree ├── path-is-inside@1.0.2
142 silly currentTree ├── path-key@2.0.1
142 silly currentTree ├── path-to-regexp@0.1.7
142 silly currentTree ├── path@0.12.7
142 silly currentTree ├── pause-stream@0.0.11
142 silly currentTree ├── pify@3.0.0
142 silly currentTree ├── posix-character-classes@0.1.1
142 silly currentTree ├── prepend-http@1.0.4
142 silly currentTree ├── process-nextick-args@2.0.0
142 silly currentTree ├── process@0.11.10
142 silly currentTree ├── proxy-addr@2.0.4
142 silly currentTree ├── ps-tree@1.1.0
142 silly currentTree ├── pseudomap@1.0.2
142 silly currentTree ├── pstree.remy@1.1.0
142 silly currentTree ├── qs@6.5.2
142 silly currentTree ├── range-parser@1.2.0
142 silly currentTree ├── raw-body@2.3.3
142 silly currentTree ├── rc@1.2.8
142 silly currentTree ├── readable-stream@2.3.6
142 silly currentTree ├── readdirp@2.1.0
142 silly currentTree ├── regex-not@1.0.2
142 silly currentTree ├── registry-auth-token@3.3.2
142 silly currentTree ├── registry-url@3.1.0
142 silly currentTree ├── remove-trailing-separator@1.1.0
142 silly currentTree ├── repeat-element@1.1.2
142 silly currentTree ├── repeat-string@1.6.1
142 silly currentTree ├── resolve-url@0.2.1
142 silly currentTree ├── ret@0.1.15
142 silly currentTree ├── safe-buffer@5.1.1
142 silly currentTree ├── safe-regex@1.1.0
142 silly currentTree ├── safer-buffer@2.1.2
142 silly currentTree ├── semver-diff@2.1.0
142 silly currentTree ├── semver@5.5.0
142 silly currentTree ├─┬ send@0.16.2
142 silly currentTree │ └── statuses@1.4.0
142 silly currentTree ├── serve-static@1.13.2
142 silly currentTree ├── set-immediate-shim@1.0.1
142 silly currentTree ├─┬ set-value@2.0.0
142 silly currentTree │ └── extend-shallow@2.0.1
142 silly currentTree ├── setprototypeof@1.1.0
142 silly currentTree ├── shebang-command@1.2.0
142 silly currentTree ├── shebang-regex@1.0.0
142 silly currentTree ├── signal-exit@3.0.2
142 silly currentTree ├─┬ snapdragon-node@2.1.1
142 silly currentTree │ ├── define-property@1.0.0
142 silly currentTree │ ├── is-accessor-descriptor@1.0.0
142 silly currentTree │ ├── is-data-descriptor@1.0.0
142 silly currentTree │ └── is-descriptor@1.0.2
142 silly currentTree ├─┬ snapdragon-util@3.0.1
142 silly currentTree │ └── kind-of@3.2.2
142 silly currentTree ├─┬ snapdragon@0.8.2
142 silly currentTree │ ├── define-property@0.2.5
142 silly currentTree │ └── extend-shallow@2.0.1
142 silly currentTree ├── source-map-resolve@0.5.2
142 silly currentTree ├── source-map-url@0.4.0
142 silly currentTree ├── source-map@0.5.7
142 silly currentTree ├── split-string@3.1.0
142 silly currentTree ├── split@0.3.3
142 silly currentTree ├─┬ static-extend@0.1.2
142 silly currentTree │ └── define-property@0.2.5
142 silly currentTree ├── statuses@1.5.0
142 silly currentTree ├── stream-combiner@0.0.4
142 silly currentTree ├── string_decoder@1.1.1
142 silly currentTree ├── string-width@2.1.1
142 silly currentTree ├── strip-ansi@4.0.0
142 silly currentTree ├── strip-eof@1.0.0
142 silly currentTree ├── strip-json-comments@2.0.1
142 silly currentTree ├── supports-color@5.4.0
142 silly currentTree ├── term-size@1.2.0
142 silly currentTree ├── through@2.3.8
142 silly currentTree ├── timed-out@4.0.1
142 silly currentTree ├─┬ to-object-path@0.3.0
142 silly currentTree │ └── kind-of@3.2.2
142 silly currentTree ├── to-regex-range@2.1.1
142 silly currentTree ├── to-regex@3.0.2
142 silly currentTree ├── touch@3.1.0
142 silly currentTree ├── type-is@1.6.16
142 silly currentTree ├── undefsafe@2.0.2
142 silly currentTree ├─┬ union-value@1.0.0
142 silly currentTree │ ├── extend-shallow@2.0.1
142 silly currentTree │ └── set-value@0.4.3
142 silly currentTree ├── unique-string@1.0.0
142 silly currentTree ├── unpipe@1.0.0
142 silly currentTree ├─┬ unset-value@1.0.0
142 silly currentTree │ ├─┬ has-value@0.3.1
142 silly currentTree │ │ └── isobject@2.1.0
142 silly currentTree │ └── has-values@0.1.4
142 silly currentTree ├── unzip-response@2.0.1
142 silly currentTree ├── upath@1.1.0
142 silly currentTree ├── update-notifier@2.5.0
142 silly currentTree ├── urix@0.1.0
142 silly currentTree ├── url-parse-lax@1.0.0
142 silly currentTree ├── use@3.1.1
142 silly currentTree ├── util-deprecate@1.0.2
142 silly currentTree ├── util@0.10.4
142 silly currentTree ├── utils-merge@1.0.1
142 silly currentTree ├── vary@1.1.2
142 silly currentTree ├── which@1.3.1
142 silly currentTree ├── widest-line@2.0.0
142 silly currentTree ├── write-file-atomic@2.3.0
142 silly currentTree ├── xdg-basedir@3.0.0
142 silly currentTree └── yallist@2.1.2
143 silly idealTree FriendFinder@1.0.0
143 silly idealTree ├── abbrev@1.1.1
143 silly idealTree ├── accepts@1.3.5
143 silly idealTree ├── ansi-align@2.0.0
143 silly idealTree ├── ansi-regex@3.0.0
143 silly idealTree ├── ansi-styles@3.2.1
143 silly idealTree ├── anymatch@2.0.0
143 silly idealTree ├── arr-diff@4.0.0
143 silly idealTree ├── arr-flatten@1.1.0
143 silly idealTree ├── arr-union@3.1.0
143 silly idealTree ├── array-flatten@1.1.1
143 silly idealTree ├── array-unique@0.3.2
143 silly idealTree ├── assign-symbols@1.0.0
143 silly idealTree ├── async-each@1.0.1
143 silly idealTree ├── atob@2.1.1
143 silly idealTree ├── balanced-match@1.0.0
143 silly idealTree ├─┬ base@0.11.2
143 silly idealTree │ ├── define-property@1.0.0
143 silly idealTree │ ├── is-accessor-descriptor@1.0.0
143 silly idealTree │ ├── is-data-descriptor@1.0.0
143 silly idealTree │ └── is-descriptor@1.0.2
143 silly idealTree ├── binary-extensions@1.11.0
143 silly idealTree ├── body-parser@1.18.3
143 silly idealTree ├── boxen@1.3.0
143 silly idealTree ├── brace-expansion@1.1.11
143 silly idealTree ├─┬ braces@2.3.2
143 silly idealTree │ └── extend-shallow@2.0.1
143 silly idealTree ├── bytes@3.0.0
143 silly idealTree ├── cache-base@1.0.1
143 silly idealTree ├── camelcase@4.1.0
143 silly idealTree ├── capture-stack-trace@1.0.0
143 silly idealTree ├── chalk@2.4.1
143 silly idealTree ├── chokidar@2.0.4
143 silly idealTree ├── ci-info@1.1.3
143 silly idealTree ├─┬ class-utils@0.3.6
143 silly idealTree │ └── define-property@0.2.5
143 silly idealTree ├── cli-boxes@1.0.0
143 silly idealTree ├── collection-visit@1.0.0
143 silly idealTree ├── color-convert@1.9.2
143 silly idealTree ├── color-name@1.1.1
143 silly idealTree ├── component-emitter@1.2.1
143 silly idealTree ├── concat-map@0.0.1
143 silly idealTree ├── configstore@3.1.2
143 silly idealTree ├── content-disposition@0.5.2
143 silly idealTree ├── content-type@1.0.4
143 silly idealTree ├── cookie-signature@1.0.6
143 silly idealTree ├── cookie@0.3.1
143 silly idealTree ├── copy-descriptor@0.1.1
143 silly idealTree ├── core-util-is@1.0.2
143 silly idealTree ├── create-error-class@3.0.2
143 silly idealTree ├── cross-spawn@5.1.0
143 silly idealTree ├── crypto-random-string@1.0.0
143 silly idealTree ├── debug@2.6.9
143 silly idealTree ├── decode-uri-component@0.2.0
143 silly idealTree ├── deep-extend@0.6.0
143 silly idealTree ├─┬ define-property@2.0.2
143 silly idealTree │ ├── is-accessor-descriptor@1.0.0
143 silly idealTree │ ├── is-data-descriptor@1.0.0
143 silly idealTree │ └── is-descriptor@1.0.2
143 silly idealTree ├── depd@1.1.2
143 silly idealTree ├── destroy@1.0.4
143 silly idealTree ├── dot-prop@4.2.0
143 silly idealTree ├── duplexer@0.1.1
143 silly idealTree ├── duplexer3@0.1.4
143 silly idealTree ├── ee-first@1.1.1
143 silly idealTree ├── encodeurl@1.0.2
143 silly idealTree ├── escape-html@1.0.3
143 silly idealTree ├── escape-string-regexp@1.0.5
143 silly idealTree ├── etag@1.8.1
143 silly idealTree ├── event-stream@3.3.4
143 silly idealTree ├── execa@0.7.0
143 silly idealTree ├─┬ expand-brackets@2.1.4
143 silly idealTree │ ├── define-property@0.2.5
143 silly idealTree │ └── extend-shallow@2.0.1
143 silly idealTree ├─┬ express@4.16.3
143 silly idealTree │ ├── body-parser@1.18.2
143 silly idealTree │ ├── iconv-lite@0.4.19
143 silly idealTree │ ├── qs@6.5.1
143 silly idealTree │ ├─┬ raw-body@2.3.2
143 silly idealTree │ │ ├── depd@1.1.1
143 silly idealTree │ │ ├── http-errors@1.6.2
143 silly idealTree │ │ └── setprototypeof@1.0.3
143 silly idealTree │ └── statuses@1.4.0
143 silly idealTree ├─┬ extend-shallow@3.0.2
143 silly idealTree │ └── is-extendable@1.0.1
143 silly idealTree ├─┬ extglob@2.0.4
143 silly idealTree │ ├── define-property@1.0.0
143 silly idealTree │ ├── extend-shallow@2.0.1
143 silly idealTree │ ├── is-accessor-descriptor@1.0.0
143 silly idealTree │ ├── is-data-descriptor@1.0.0
143 silly idealTree │ └── is-descriptor@1.0.2
143 silly idealTree ├─┬ fill-range@4.0.0
143 silly idealTree │ └── extend-shallow@2.0.1
143 silly idealTree ├─┬ finalhandler@1.1.1
143 silly idealTree │ └── statuses@1.4.0
143 silly idealTree ├── for-in@1.0.2
143 silly idealTree ├── forwarded@0.1.2
143 silly idealTree ├── fragment-cache@0.2.1
143 silly idealTree ├── fresh@0.5.2
143 silly idealTree ├── from@0.1.7
143 silly idealTree ├── get-stream@3.0.0
143 silly idealTree ├── get-value@2.0.6
143 silly idealTree ├─┬ glob-parent@3.1.0
143 silly idealTree │ └── is-glob@3.1.0
143 silly idealTree ├── global-dirs@0.1.1
143 silly idealTree ├── got@6.7.1
143 silly idealTree ├── graceful-fs@4.1.11
143 silly idealTree ├── has-flag@3.0.0
143 silly idealTree ├── has-value@1.0.0
143 silly idealTree ├─┬ has-values@1.0.0
143 silly idealTree │ └── kind-of@4.0.0
143 silly idealTree ├── http-errors@1.6.3
143 silly idealTree ├── iconv-lite@0.4.23
143 silly idealTree ├── ignore-by-default@1.0.1
143 silly idealTree ├── import-lazy@2.1.0
143 silly idealTree ├── imurmurhash@0.1.4
143 silly idealTree ├── inherits@2.0.3
143 silly idealTree ├── ini@1.3.5
143 silly idealTree ├── ipaddr.js@1.8.0
143 silly idealTree ├─┬ is-accessor-descriptor@0.1.6
143 silly idealTree │ └── kind-of@3.2.2
143 silly idealTree ├── is-binary-path@1.0.1
143 silly idealTree ├── is-buffer@1.1.6
143 silly idealTree ├── is-ci@1.1.0
143 silly idealTree ├─┬ is-data-descriptor@0.1.4
143 silly idealTree │ └── kind-of@3.2.2
143 silly idealTree ├─┬ is-descriptor@0.1.6
143 silly idealTree │ └── kind-of@5.1.0
143 silly idealTree ├── is-extendable@0.1.1
143 silly idealTree ├── is-extglob@2.1.1
143 silly idealTree ├── is-fullwidth-code-point@2.0.0
143 silly idealTree ├── is-glob@4.0.0
143 silly idealTree ├── is-installed-globally@0.1.0
143 silly idealTree ├── is-npm@1.0.0
143 silly idealTree ├─┬ is-number@3.0.0
143 silly idealTree │ └── kind-of@3.2.2
143 silly idealTree ├── is-obj@1.0.1
143 silly idealTree ├── is-path-inside@1.0.1
143 silly idealTree ├── is-plain-object@2.0.4
143 silly idealTree ├── is-redirect@1.0.0
143 silly idealTree ├── is-retry-allowed@1.1.0
143 silly idealTree ├── is-stream@1.1.0
143 silly idealTree ├── is-windows@1.0.2
143 silly idealTree ├── isarray@1.0.0
143 silly idealTree ├── isexe@2.0.0
143 silly idealTree ├── isobject@3.0.1
143 silly idealTree ├── kind-of@6.0.2
143 silly idealTree ├── latest-version@3.1.0
143 silly idealTree ├── lodash.debounce@4.0.8
143 silly idealTree ├── lowercase-keys@1.0.1
143 silly idealTree ├── lru-cache@4.1.3
143 silly idealTree ├── make-dir@1.3.0
143 silly idealTree ├── map-cache@0.2.2
143 silly idealTree ├── map-stream@0.1.0
143 silly idealTree ├── map-visit@1.0.0
143 silly idealTree ├── media-typer@0.3.0
143 silly idealTree ├── merge-descriptors@1.0.1
143 silly idealTree ├── methods@1.1.2
143 silly idealTree ├── micromatch@3.1.10
143 silly idealTree ├── mime-db@1.35.0
143 silly idealTree ├── mime-types@2.1.19
143 silly idealTree ├── mime@1.4.1
143 silly idealTree ├── minimatch@3.0.4
143 silly idealTree ├── minimist@1.2.0
143 silly idealTree ├─┬ mixin-deep@1.3.1
143 silly idealTree │ └── is-extendable@1.0.1
143 silly idealTree ├── ms@2.0.0
143 silly idealTree ├── nanomatch@1.2.13
143 silly idealTree ├── negotiator@0.6.1
143 silly idealTree ├── node-bin-setup@1.0.6
143 silly idealTree ├── node@10.8.0
143 silly idealTree ├─┬ nodemon@1.18.3
143 silly idealTree │ └── debug@3.1.0
143 silly idealTree ├── nopt@1.0.10
143 silly idealTree ├── normalize-path@2.1.1
143 silly idealTree ├── npm-run-path@2.0.2
143 silly idealTree ├─┬ object-copy@0.1.0
143 silly idealTree │ ├── define-property@0.2.5
143 silly idealTree │ └── kind-of@3.2.2
143 silly idealTree ├── object-visit@1.0.1
143 silly idealTree ├── object.pick@1.3.0
143 silly idealTree ├── on-finished@2.3.0
143 silly idealTree ├── p-finally@1.0.0
143 silly idealTree ├── package-json@4.0.1
143 silly idealTree ├── parseurl@1.3.2
143 silly idealTree ├── pascalcase@0.1.1
143 silly idealTree ├── path-dirname@1.0.2
143 silly idealTree ├── path-is-absolute@1.0.1
143 silly idealTree ├── path-is-inside@1.0.2
143 silly idealTree ├── path-key@2.0.1
143 silly idealTree ├── path-to-regexp@0.1.7
143 silly idealTree ├── path@0.12.7
143 silly idealTree ├── pause-stream@0.0.11
143 silly idealTree ├── pify@3.0.0
143 silly idealTree ├── posix-character-classes@0.1.1
143 silly idealTree ├── prepend-http@1.0.4
143 silly idealTree ├── process-nextick-args@2.0.0
143 silly idealTree ├── process@0.11.10
143 silly idealTree ├── proxy-addr@2.0.4
143 silly idealTree ├── ps-tree@1.1.0
143 silly idealTree ├── pseudomap@1.0.2
143 silly idealTree ├── pstree.remy@1.1.0
143 silly idealTree ├── qs@6.5.2
143 silly idealTree ├── range-parser@1.2.0
143 silly idealTree ├── raw-body@2.3.3
143 silly idealTree ├── rc@1.2.8
143 silly idealTree ├── readable-stream@2.3.6
143 silly idealTree ├── readdirp@2.1.0
143 silly idealTree ├── regex-not@1.0.2
143 silly idealTree ├── registry-auth-token@3.3.2
143 silly idealTree ├── registry-url@3.1.0
143 silly idealTree ├── remove-trailing-separator@1.1.0
143 silly idealTree ├── repeat-element@1.1.2
143 silly idealTree ├── repeat-string@1.6.1
143 silly idealTree ├── resolve-url@0.2.1
143 silly idealTree ├── ret@0.1.15
143 silly idealTree ├── safe-buffer@5.1.1
143 silly idealTree ├── safe-regex@1.1.0
143 silly idealTree ├── safer-buffer@2.1.2
143 silly idealTree ├── semver-diff@2.1.0
143 silly idealTree ├── semver@5.5.0
143 silly idealTree ├─┬ send@0.16.2
143 silly idealTree │ └── statuses@1.4.0
143 silly idealTree ├── serve-static@1.13.2
143 silly idealTree ├── set-immediate-shim@1.0.1
143 silly idealTree ├─┬ set-value@2.0.0
143 silly idealTree │ └── extend-shallow@2.0.1
143 silly idealTree ├── setprototypeof@1.1.0
143 silly idealTree ├── shebang-command@1.2.0
143 silly idealTree ├── shebang-regex@1.0.0
143 silly idealTree ├── signal-exit@3.0.2
143 silly idealTree ├─┬ snapdragon-node@2.1.1
143 silly idealTree │ ├── define-property@1.0.0
143 silly idealTree │ ├── is-accessor-descriptor@1.0.0
143 silly idealTree │ ├── is-data-descriptor@1.0.0
143 silly idealTree │ └── is-descriptor@1.0.2
143 silly idealTree ├─┬ snapdragon-util@3.0.1
143 silly idealTree │ └── kind-of@3.2.2
143 silly idealTree ├─┬ snapdragon@0.8.2
143 silly idealTree │ ├── define-property@0.2.5
143 silly idealTree │ └── extend-shallow@2.0.1
143 silly idealTree ├── source-map-resolve@0.5.2
143 silly idealTree ├── source-map-url@0.4.0
143 silly idealTree ├── source-map@0.5.7
143 silly idealTree ├── split-string@3.1.0
143 silly idealTree ├── split@0.3.3
143 silly idealTree ├─┬ static-extend@0.1.2
143 silly idealTree │ └── define-property@0.2.5
143 silly idealTree ├── statuses@1.5.0
143 silly idealTree ├── stream-combiner@0.0.4
143 silly idealTree ├── string_decoder@1.1.1
143 silly idealTree ├── string-width@2.1.1
143 silly idealTree ├── strip-ansi@4.0.0
143 silly idealTree ├── strip-eof@1.0.0
143 silly idealTree ├── strip-json-comments@2.0.1
143 silly idealTree ├── supports-color@5.4.0
143 silly idealTree ├── term-size@1.2.0
143 silly idealTree ├── through@2.3.8
143 silly idealTree ├── timed-out@4.0.1
143 silly idealTree ├─┬ to-object-path@0.3.0
143 silly idealTree │ └── kind-of@3.2.2
143 silly idealTree ├── to-regex-range@2.1.1
143 silly idealTree ├── to-regex@3.0.2
143 silly idealTree ├── touch@3.1.0
143 silly idealTree ├── type-is@1.6.16
143 silly idealTree ├── undefsafe@2.0.2
143 silly idealTree ├─┬ union-value@1.0.0
143 silly idealTree │ ├── extend-shallow@2.0.1
143 silly idealTree │ └── set-value@0.4.3
143 silly idealTree ├── unique-string@1.0.0
143 silly idealTree ├── unpipe@1.0.0
143 silly idealTree ├─┬ unset-value@1.0.0
143 silly idealTree │ ├─┬ has-value@0.3.1
143 silly idealTree │ │ └── isobject@2.1.0
143 silly idealTree │ └── has-values@0.1.4
143 silly idealTree ├── unzip-response@2.0.1
143 silly idealTree ├── upath@1.1.0
143 silly idealTree ├── update-notifier@2.5.0
143 silly idealTree ├── urix@0.1.0
143 silly idealTree ├── url-parse-lax@1.0.0
143 silly idealTree ├── use@3.1.1
143 silly idealTree ├── util-deprecate@1.0.2
143 silly idealTree ├── util@0.10.4
143 silly idealTree ├── utils-merge@1.0.1
143 silly idealTree ├── vary@1.1.2
143 silly idealTree ├── which@1.3.1
143 silly idealTree ├── widest-line@2.0.0
143 silly idealTree ├── write-file-atomic@2.3.0
143 silly idealTree ├── xdg-basedir@3.0.0
143 silly idealTree └── yallist@2.1.2
144 silly generateActionsToTake Starting
145 silly install generateActionsToTake
146 silly generateActionsToTake Finishing
147 silly diffTrees action count 2
148 silly diffTrees add node-bin-setup@1.0.6
149 silly diffTrees add node@10.8.0
150 silly decomposeActions action count 16
151 silly decomposeActions fetch node-bin-setup@1.0.6
152 silly decomposeActions extract node-bin-setup@1.0.6
153 silly decomposeActions test node-bin-setup@1.0.6
154 silly decomposeActions preinstall node-bin-setup@1.0.6
155 silly decomposeActions build node-bin-setup@1.0.6
156 silly decomposeActions install node-bin-setup@1.0.6
157 silly decomposeActions postinstall node-bin-setup@1.0.6
158 silly decomposeActions finalize node-bin-setup@1.0.6
159 silly decomposeActions fetch node@10.8.0
160 silly decomposeActions extract node@10.8.0
161 silly decomposeActions test node@10.8.0
162 silly decomposeActions preinstall node@10.8.0
163 silly decomposeActions build node@10.8.0
164 silly decomposeActions install node@10.8.0
165 silly decomposeActions postinstall node@10.8.0
166 silly decomposeActions finalize node@10.8.0
167 silly runTopLevelLifecycles Starting
168 silly executeActions Starting
169 silly install executeActions
170 silly doSerial global-install 0
171 silly doParallel fetch 2
172 verbose correctMkdir /root/.npm/_locks correctMkdir not in flight; initializing
173 verbose lock using /root/.npm/_locks/staging-540ca665e5a74a4e.lock for /home/tranti/Documents/Github/homeworks/FriendFinder/node_modules/.staging
174 silly doParallel extract 2
175 silly extract node-bin-setup@1.0.6
176 silly extract node@10.8.0
177 verbose unbuild node_modules/.staging/node-bin-setup-0040dd91
178 verbose unbuild node_modules/.staging/node-d036d45c
179 silly gentlyRm /home/tranti/Documents/Github/homeworks/FriendFinder/node_modules/.staging/node-bin-setup-0040dd91 is being purged from base /home/tranti/Documents/Github/homeworks/FriendFinder
180 verbose gentlyRm don't care about contents; nuking /home/tranti/Documents/Github/homeworks/FriendFinder/node_modules/.staging/node-bin-setup-0040dd91
181 verbose tar unpack /root/.npm/node-bin-setup/1.0.6/package.tgz
182 verbose tar unpacking to /home/tranti/Documents/Github/homeworks/FriendFinder/node_modules/.staging/node-bin-setup-0040dd91
183 silly gentlyRm /home/tranti/Documents/Github/homeworks/FriendFinder/node_modules/.staging/node-bin-setup-0040dd91 is being purged
184 verbose gentlyRm don't care about contents; nuking /home/tranti/Documents/Github/homeworks/FriendFinder/node_modules/.staging/node-bin-setup-0040dd91
185 silly gentlyRm /home/tranti/Documents/Github/homeworks/FriendFinder/node_modules/.staging/node-d036d45c is being purged from base /home/tranti/Documents/Github/homeworks/FriendFinder
186 verbose gentlyRm don't care about contents; nuking /home/tranti/Documents/Github/homeworks/FriendFinder/node_modules/.staging/node-d036d45c
187 silly gunzTarPerm modes [ '755', '644' ]
188 verbose tar unpack /root/.npm/node/10.8.0/package.tgz
189 verbose tar unpacking to /home/tranti/Documents/Github/homeworks/FriendFinder/node_modules/.staging/node-d036d45c
190 silly gentlyRm /home/tranti/Documents/Github/homeworks/FriendFinder/node_modules/.staging/node-d036d45c is being purged
191 verbose gentlyRm don't care about contents; nuking /home/tranti/Documents/Github/homeworks/FriendFinder/node_modules/.staging/node-d036d45c
192 silly gunzTarPerm modes [ '755', '644' ]
193 silly gunzTarPerm extractEntry package.json
194 silly gunzTarPerm extractEntry package.json
195 silly gunzTarPerm extractEntry index.js
196 silly gunzTarPerm extractEntry installArchSpecificPackage.js
197 silly gunzTarPerm extractEntry README.md
198 silly gentlyRm /home/tranti/Documents/Github/homeworks/FriendFinder/node_modules/.staging/node-bin-setup-0040dd91/node_modules is being purged
199 verbose gentlyRm don't care about contents; nuking /home/tranti/Documents/Github/homeworks/FriendFinder/node_modules/.staging/node-bin-setup-0040dd91/node_modules
200 silly gentlyRm /home/tranti/Documents/Github/homeworks/FriendFinder/node_modules/.staging/node-d036d45c/node_modules is being purged
201 verbose gentlyRm don't care about contents; nuking /home/tranti/Documents/Github/homeworks/FriendFinder/node_modules/.staging/node-d036d45c/node_modules
202 silly doParallel preinstall 2
203 silly preinstall node-bin-setup@1.0.6 /home/tranti/Documents/Github/homeworks/FriendFinder/node_modules/.staging/node-bin-setup-0040dd91
204 info lifecycle node-bin-setup@1.0.6~preinstall: node-bin-setup@1.0.6
205 silly preinstall node@10.8.0 /home/tranti/Documents/Github/homeworks/FriendFinder/node_modules/.staging/node-d036d45c
206 info lifecycle node@10.8.0~preinstall: node@10.8.0
207 silly lifecycle node-bin-setup@1.0.6~preinstall: no script for preinstall, continuing
208 warn lifecycle node@10.8.0~preinstall: cannot run in wd %s %s (wd=%s) node@10.8.0 node installArchSpecificPackage /home/tranti/Documents/Github/homeworks/FriendFinder/node_modules/.staging/node-d036d45c
209 silly doReverseSerial remove 0
210 silly doSerial move 0
211 silly doSerial finalize 2
212 silly finalize /home/tranti/Documents/Github/homeworks/FriendFinder/node_modules/node-bin-setup
213 silly finalize /home/tranti/Documents/Github/homeworks/FriendFinder/node_modules/node
214 silly doSerial build 2
215 silly build node-bin-setup@1.0.6
216 info linkStuff node-bin-setup@1.0.6
217 silly linkStuff node-bin-setup@1.0.6 has /home/tranti/Documents/Github/homeworks/FriendFinder/node_modules as its parent node_modules
218 verbose linkBins node-bin-setup@1.0.6
219 verbose linkMans node-bin-setup@1.0.6
220 silly build node@10.8.0
221 info linkStuff node@10.8.0
222 silly linkStuff node@10.8.0 has /home/tranti/Documents/Github/homeworks/FriendFinder/node_modules as its parent node_modules
223 verbose linkBins node@10.8.0
224 verbose link bins [ { node: 'bin/node' },
224 verbose link bins   '/home/tranti/Documents/Github/homeworks/FriendFinder/node_modules/.bin',
224 verbose link bins   false ]
225 verbose linkMans node@10.8.0
226 verbose unlock done using /root/.npm/_locks/staging-540ca665e5a74a4e.lock for /home/tranti/Documents/Github/homeworks/FriendFinder/node_modules/.staging
227 silly rollbackFailedOptional Starting
228 silly rollbackFailedOptional Finishing
229 silly runTopLevelLifecycles Finishing
230 silly install printInstalled
231 warn optional SKIPPING OPTIONAL DEPENDENCY: fsevents@^1.2.2 (node_modules/chokidar/node_modules/fsevents):
232 warn notsup SKIPPING OPTIONAL DEPENDENCY: Unsupported platform for fsevents@1.2.4: wanted {"os":"darwin","arch":"any"} (current: {"os":"linux","arch":"x64"})
233 verbose notsup SKIPPING OPTIONAL DEPENDENCY: Valid OS:    darwin
233 verbose notsup SKIPPING OPTIONAL DEPENDENCY: Valid Arch:  any
233 verbose notsup SKIPPING OPTIONAL DEPENDENCY: Actual OS:   linux
233 verbose notsup SKIPPING OPTIONAL DEPENDENCY: Actual Arch: x64
234 verbose stack Error: ENOENT: no such file or directory, chmod '/home/tranti/Documents/Github/homeworks/FriendFinder/node_modules/node/bin/node'
234 verbose stack     at Error (native)
235 verbose cwd /home/tranti/Documents/Github/homeworks/FriendFinder
236 error Linux 3.10.0-862.6.3.el7.x86_64
237 error argv "/usr/bin/node" "/bin/npm" "i" "node"
238 error node v6.14.2
239 error npm  v3.10.10
240 error path /home/tranti/Documents/Github/homeworks/FriendFinder/node_modules/node/bin/node
241 error code ENOENT
242 error errno -2
243 error syscall chmod
244 error enoent ENOENT: no such file or directory, chmod '/home/tranti/Documents/Github/homeworks/FriendFinder/node_modules/node/bin/node'
245 error enoent ENOENT: no such file or directory, chmod '/home/tranti/Documents/Github/homeworks/FriendFinder/node_modules/node/bin/node'
245 error enoent This is most likely not a problem with npm itself
245 error enoent and is related to npm not being able to find a file.
246 verbose exit [ -2, true ]
